info: Microsoft.Hosting.Lifetime[0]
      Now listening on: http://localhost:5000
info: Microsoft.Hosting.Lifetime[0]
      Now listening on: https://localhost:5001
info: Microsoft.Hosting.Lifetime[0]
      Application started. Press Ctrl+C to shut down.
info: Microsoft.Hosting.Lifetime[0]
      Hosting environment: Development
info: Microsoft.Hosting.Lifetime[0]
      Content root path: C:\Users\onury\OneDrive\Masaüstü\persistData\ContosoPets.Api
info: Microsoft.AspNetCore.Hosting.Diagnostics[1]
      Request starting HTTP/2 GET https://localhost:5001/Orders  
info: Microsoft.AspNetCore.Routing.EndpointMiddleware[0]
      Executing endpoint 'ContosoPets.Api.Controllers.OrdersController.Get (ContosoPets.Api)'
info: Microsoft.AspNetCore.Mvc.Infrastructure.ControllerActionInvoker[3]
      Route matched with {action = "Get", controller = "Orders"}. Executing controller action with signature System.Threading.Tasks.Task`1[Microsoft.AspNetCore.Mvc.ActionResult`1[System.Collections.Generic.List`1[ContosoPets.Domain.DataTransferObjects.CustomerOrder]]] Get() on controller ContosoPets.Api.Controllers.OrdersController (ContosoPets.Api).
warn: Microsoft.EntityFrameworkCore.Model.Validation[10400]
      Sensitive data logging is enabled. Log entries and exception messages may include sensitive application data, this mode should only be enabled during development.
info: Microsoft.EntityFrameworkCore.Infrastructure[10403]
      Entity Framework Core 3.1.0 initialized 'ContosoPetsContext' using provider 'Microsoft.EntityFrameworkCore.SqlServer' with options: SensitiveDataLoggingEnabled 
info: Microsoft.EntityFrameworkCore.Database.Command[20101]
      Executed DbCommand (66ms) [Parameters=[], CommandType='Text', CommandTimeout='30']
      SELECT [o].[Id], [c].[LastName], [c].[FirstName], CASE
          WHEN [o].[OrderFulfilled] IS NOT NULL THEN CAST(1 AS bit)
          ELSE CAST(0 AS bit)
      END, [o].[OrderFulfilled], [o].[OrderPlaced], [c].[Id], [t].[Quantity], [t].[Name], [t].[Id], [t].[Id0]
      FROM [Orders] AS [o]
      INNER JOIN [Customers] AS [c] ON [o].[CustomerId] = [c].[Id]
      LEFT JOIN (
          SELECT [p].[Quantity], [p0].[Name], [p].[Id], [p0].[Id] AS [Id0], [p].[OrderId]
          FROM [ProductOrders] AS [p]
          INNER JOIN [Products] AS [p0] ON [p].[ProductId] = [p0].[Id]
      ) AS [t] ON [o].[Id] = [t].[OrderId]
      ORDER BY [o].[OrderPlaced] DESC, [o].[Id], [c].[Id], [t].[Id], [t].[Id0]
info: Microsoft.AspNetCore.Mvc.Infrastructure.ObjectResultExecutor[1]
      Executing ObjectResult, writing value of type 'System.Collections.Generic.List`1[[ContosoPets.Domain.DataTransferObjects.CustomerOrder, ContosoPets.Domain, Version=1.0.0.0, Culture=neutral, PublicKeyToken=null]]'.
info: Microsoft.AspNetCore.Mvc.Infrastructure.ControllerActionInvoker[2]
      Executed action ContosoPets.Api.Controllers.OrdersController.Get (ContosoPets.Api) in 997.8677ms
info: Microsoft.AspNetCore.Routing.EndpointMiddleware[1]
      Executed endpoint 'ContosoPets.Api.Controllers.OrdersController.Get (ContosoPets.Api)'
info: Microsoft.AspNetCore.Hosting.Diagnostics[2]
      Request finished in 1065.2969ms 200 application/json; charset=utf-8
